# Running on compute-0-6.local
# Started at Tue Mar 29 03:44:57 CDT 2016
# gmm-gselect --n=20 "fgmm-global-to-gmm /erasable/cxy110530/exp_scratch/swbd/s5crss/exp/extractor_2048/final.ubm -|" "ark,s,cs:add-deltas --delta-window=3 --delta-order=2 scp:data/eecom_spk_target/split1/1/feats.scp ark:- | apply-cmvn-sliding --norm-vars=false --center=true --cmn-window=300 ark:- ark:- |" ark:- | fgmm-global-gselect-to-post --min-post=0.025 /erasable/cxy110530/exp_scratch/swbd/s5crss/exp/extractor_2048/final.ubm "ark,s,cs:add-deltas --delta-window=3 --delta-order=2 scp:data/eecom_spk_target/split1/1/feats.scp ark:- | apply-cmvn-sliding --norm-vars=false --center=true --cmn-window=300 ark:- ark:- |" ark,s,cs:- ark:- | scale-post ark:- 1.0 ark:- | ivector-extract --verbose=2 /erasable/cxy110530/exp_scratch/swbd/s5crss/exp/extractor_2048/final.ie "ark,s,cs:add-deltas --delta-window=3 --delta-order=2 scp:data/eecom_spk_target/split1/1/feats.scp ark:- | apply-cmvn-sliding --norm-vars=false --center=true --cmn-window=300 ark:- ark:- |" ark,s,cs:- ark,scp,t:data/eecom_target.iv/ivector.1.ark,data/eecom_target.iv/ivector.1.scp 
gmm-gselect --n=20 'fgmm-global-to-gmm /erasable/cxy110530/exp_scratch/swbd/s5crss/exp/extractor_2048/final.ubm -|' 'ark,s,cs:add-deltas --delta-window=3 --delta-order=2 scp:data/eecom_spk_target/split1/1/feats.scp ark:- | apply-cmvn-sliding --norm-vars=false --center=true --cmn-window=300 ark:- ark:- |' ark:- 
ivector-extract --verbose=2 /erasable/cxy110530/exp_scratch/swbd/s5crss/exp/extractor_2048/final.ie 'ark,s,cs:add-deltas --delta-window=3 --delta-order=2 scp:data/eecom_spk_target/split1/1/feats.scp ark:- | apply-cmvn-sliding --norm-vars=false --center=true --cmn-window=300 ark:- ark:- |' ark,s,cs:- ark,scp,t:data/eecom_target.iv/ivector.1.ark,data/eecom_target.iv/ivector.1.scp 
scale-post ark:- 1.0 ark:- 
fgmm-global-gselect-to-post --min-post=0.025 /erasable/cxy110530/exp_scratch/swbd/s5crss/exp/extractor_2048/final.ubm 'ark,s,cs:add-deltas --delta-window=3 --delta-order=2 scp:data/eecom_spk_target/split1/1/feats.scp ark:- | apply-cmvn-sliding --norm-vars=false --center=true --cmn-window=300 ark:- ark:- |' ark,s,cs:- ark:- 
fgmm-global-to-gmm /erasable/cxy110530/exp_scratch/swbd/s5crss/exp/extractor_2048/final.ubm - 
LOG (ivector-extract:ComputeDerivedVars():ivector-extractor.cc:180) Computing derived variables for iVector extractor
apply-cmvn-sliding --norm-vars=false --center=true --cmn-window=300 ark:- ark:- 
add-deltas --delta-window=3 --delta-order=2 scp:data/eecom_spk_target/split1/1/feats.scp ark:- 
LOG (fgmm-global-to-gmm:main():fgmm-global-to-gmm.cc:58) Written diagonal GMM to -
apply-cmvn-sliding --norm-vars=false --center=true --cmn-window=300 ark:- ark:- 
add-deltas --delta-window=3 --delta-order=2 scp:data/eecom_spk_target/split1/1/feats.scp ark:- 
LOG (gmm-gselect:main():gmm-gselect.cc:115) For 0'th file, average UBM likelihood over 104 frames is -77.8543
LOG (apply-cmvn-sliding:main():apply-cmvn-sliding.cc:75) Applied sliding-window cepstral mean normalization to 10 utterances, 0 had errors.
LOG (apply-cmvn-sliding:main():apply-cmvn-sliding.cc:75) Applied sliding-window cepstral mean normalization to 10 utterances, 0 had errors.
LOG (gmm-gselect:main():gmm-gselect.cc:126) Done 10 files, 0 with errors, average UBM log-likelihood is -79.0049 over 1376 frames.
LOG (fgmm-global-gselect-to-post:main():fgmm-global-gselect-to-post.cc:148) Done 10 files; 0 had errors.
LOG (fgmm-global-gselect-to-post:main():fgmm-global-gselect-to-post.cc:149) Overall loglike per frame is -75.911 with 4.90988 entries per frame,  over 1376 frames
LOG (ivector-extract:ComputeDerivedVars():ivector-extractor.cc:201) Done.
apply-cmvn-sliding --norm-vars=false --center=true --cmn-window=300 ark:- ark:- 
add-deltas --delta-window=3 --delta-order=2 scp:data/eecom_spk_target/split1/1/feats.scp ark:- 
VLOG[2] (ivector-extract:~IvectorExtractTask():ivector-extract.cc:68) Auxf change for utterance eecom-target-01 was 9.76526 per frame over 104 frames (weighted)
VLOG[2] (ivector-extract:~IvectorExtractTask():ivector-extract.cc:77) Ivector norm for utterance eecom-target-01 was 12.8638
VLOG[2] (ivector-extract:~IvectorExtractTask():ivector-extract.cc:68) Auxf change for utterance eecom-target-02 was 11.7388 per frame over 151 frames (weighted)
VLOG[2] (ivector-extract:~IvectorExtractTask():ivector-extract.cc:77) Ivector norm for utterance eecom-target-02 was 16.4689
LOG (scale-post:main():scale-post.cc:79) Done 10 posteriors;  0 had no scales.
VLOG[2] (ivector-extract:~IvectorExtractTask():ivector-extract.cc:68) Auxf change for utterance eecom-target-03 was 10.4263 per frame over 151 frames (weighted)
VLOG[2] (ivector-extract:~IvectorExtractTask():ivector-extract.cc:77) Ivector norm for utterance eecom-target-03 was 16.0972
VLOG[2] (ivector-extract:~IvectorExtractTask():ivector-extract.cc:68) Auxf change for utterance eecom-target-04 was 10.8711 per frame over 124 frames (weighted)
VLOG[2] (ivector-extract:~IvectorExtractTask():ivector-extract.cc:77) Ivector norm for utterance eecom-target-04 was 14.1761
VLOG[2] (ivector-extract:~IvectorExtractTask():ivector-extract.cc:68) Auxf change for utterance eecom-target-05 was 13.7999 per frame over 191 frames (weighted)
VLOG[2] (ivector-extract:~IvectorExtractTask():ivector-extract.cc:77) Ivector norm for utterance eecom-target-05 was 16.3181
LOG (apply-cmvn-sliding:main():apply-cmvn-sliding.cc:75) Applied sliding-window cepstral mean normalization to 10 utterances, 0 had errors.
VLOG[2] (ivector-extract:~IvectorExtractTask():ivector-extract.cc:68) Auxf change for utterance eecom-target-06 was 6.52286 per frame over 117 frames (weighted)
VLOG[2] (ivector-extract:~IvectorExtractTask():ivector-extract.cc:77) Ivector norm for utterance eecom-target-06 was 14.0349
VLOG[2] (ivector-extract:~IvectorExtractTask():ivector-extract.cc:68) Auxf change for utterance eecom-target-07 was 7.14642 per frame over 123 frames (weighted)
VLOG[2] (ivector-extract:~IvectorExtractTask():ivector-extract.cc:77) Ivector norm for utterance eecom-target-07 was 13.6845
VLOG[2] (ivector-extract:~IvectorExtractTask():ivector-extract.cc:68) Auxf change for utterance eecom-target-08 was 9.47009 per frame over 151 frames (weighted)
VLOG[2] (ivector-extract:~IvectorExtractTask():ivector-extract.cc:77) Ivector norm for utterance eecom-target-08 was 14.6575
VLOG[2] (ivector-extract:~IvectorExtractTask():ivector-extract.cc:68) Auxf change for utterance eecom-target-09 was 10.3453 per frame over 151 frames (weighted)
VLOG[2] (ivector-extract:~IvectorExtractTask():ivector-extract.cc:77) Ivector norm for utterance eecom-target-09 was 14.5714
VLOG[2] (ivector-extract:~IvectorExtractTask():ivector-extract.cc:68) Auxf change for utterance eecom-target-10 was 10.2524 per frame over 113 frames (weighted)
VLOG[2] (ivector-extract:~IvectorExtractTask():ivector-extract.cc:77) Ivector norm for utterance eecom-target-10 was 14.6441
LOG (ivector-extract:main():ivector-extract.cc:314) Done 10 files, 0 with errors.  Total (weighted) frames 1376
LOG (ivector-extract:main():ivector-extract.cc:317) Overall average objective-function change from estimating ivector was 10.2755 per frame  over 1376 (weighted) frames.
# Accounting: time=16 threads=1
# Finished at Tue Mar 29 03:45:13 CDT 2016 with status 0
